#
# A fatal error has been detected by the Java Runtime Environment:
#
#  EXCEPTION_ACCESS_VIOLATION (0xc0000005) at pc=0x0000000064ae8c5f, pid=31728, tid=0x000000000000088c
#
# JRE version: Java(TM) SE Runtime Environment (8.0_271-b09) (build 1.8.0_271-b09)
# Java VM: Java HotSpot(TM) 64-Bit Server VM (25.271-b09 mixed mode windows-amd64 compressed oops)
# Problematic frame:
# V  [jvm.dll+0x148c5f]
#
# Failed to write core dump. Minidumps are not enabled by default on client versions of Windows
#
# If you would like to submit a bug report, please visit:
#   http://bugreport.java.com/bugreport/crash.jsp
#

---------------  T H R E A D  ---------------

Current thread (0x0000022fd7493000):  VMThread [stack: 0x00000037e1900000,0x00000037e1a00000] [id=2188]

siginfo: ExceptionCode=0xc0000005, reading address 0x00000000400000f8

Registers:
RAX=0x0000022fdc1c26f8, RBX=0x000000000000000c, RCX=0x0000000040000000, RDX=0x0000000065143180
RSP=0x00000037e19ff270, RBP=0x0000000000000060, RSI=0x0000000000000000, RDI=0x00000001001eac60
R8 =0x0000022fd81ae5e0, R9 =0x00000000000001fe, R10=0x0000000000000000, R11=0x00000037e19ff268
R12=0x0000000064f7a5a0, R13=0x00000000651430b0, R14=0x0000000065143180, R15=0x0000000000000000
RIP=0x0000000064ae8c5f, EFLAGS=0x0000000000010202

Top of Stack: (sp=0x00000037e19ff270)
0x00000037e19ff270:   0000022fdc314a90 00000000649ec28c
0x00000037e19ff280:   0000022fdc314990 0000022fdc314990
0x00000037e19ff290:   0000000064f7b198 0000000065143180
0x00000037e19ff2a0:   0000000000000000 0000000064abe686
0x00000037e19ff2b0:   00000001001f5fa0 000000000000000c
0x00000037e19ff2c0:   0000000000000060 0000022fc2bf7e60
0x00000037e19ff2d0:   0000000065143180 0000000064adddc7
0x00000037e19ff2e0:   00000037e19ff350 0000000000000001
0x00000037e19ff2f0:   00000001001c4028 00000001001eac60
0x00000037e19ff300:   0000000064f7a5a0 00000000000001fe
0x00000037e19ff310:   ffffffffffffff00 0000000000000004
0x00000037e19ff320:   0000000000000047 0000000000000000
0x00000037e19ff330:   0000000000000000 0000022fd81ae5e0
0x00000037e19ff340:   0000000000000000 0000000000000000
0x00000037e19ff350:   0000000065143120 0000000000000000
0x00000037e19ff360:   00000037e19ff470 0000000064d81b26 

Instructions: (pc=0x0000000064ae8c5f)
0x0000000064ae8c3f:   5e 41 5c 5d 5b c3 cc cc cc cc cc cc cc cc cc cc
0x0000000064ae8c4f:   cc 48 89 5c 24 10 48 89 6c 24 18 56 48 83 ec 30
0x0000000064ae8c5f:   83 b9 f8 00 00 00 00 48 8b ea 48 8b f1 7e 6e 48
0x0000000064ae8c6f:   81 c1 00 01 00 00 e8 b6 0f 00 00 48 8b d8 48 85 


Register to memory mapping:

RAX={method} {0x0000022fdc1c2700} 'getAdvance' '(IF)F' in 'com/sun/javafx/font/PrismCompositeFontResource'
RBX=0x000000000000000c is an unknown value
RCX=0x0000000040000000 is an unknown value
RDX=0x0000000065143180 is an unknown value
RSP=0x00000037e19ff270 is an unknown value
RBP=0x0000000000000060 is an unknown value
RSI=0x0000000000000000 is an unknown value
RDI=0x00000001001eac60 is pointing into metadata
R8 =0x0000022fd81ae5e0 is an unknown value
R9 =0x00000000000001fe is an unknown value
R10=0x0000000000000000 is an unknown value
R11=0x00000037e19ff268 is an unknown value
R12=0x0000000064f7a5a0 is an unknown value
R13=0x00000000651430b0 is an unknown value
R14=0x0000000065143180 is an unknown value
R15=0x0000000000000000 is an unknown value


Stack: [0x00000037e1900000,0x00000037e1a00000],  sp=0x00000037e19ff270,  free space=1020k
Native frames: (J=compiled Java code, j=interpreted, Vv=VM code, C=native code)
V  [jvm.dll+0x148c5f]
V  [jvm.dll+0x11e686]
V  [jvm.dll+0x13ddc7]
V  [jvm.dll+0x3e1b26]
V  [jvm.dll+0x3e107a]
V  [jvm.dll+0x3e0b0b]
V  [jvm.dll+0xc7014]
V  [jvm.dll+0x299e49]
V  [jvm.dll+0x256557]
V  [jvm.dll+0x254cc5]
V  [jvm.dll+0x25543c]
V  [jvm.dll+0x25574c]
V  [jvm.dll+0x2a2dcc]
C  [ucrtbase.dll+0x21bb2]
C  [KERNEL32.DLL+0x17034]
C  [ntdll.dll+0x52651]

VM_Operation (0x00000037e29f5be0): CollectForMetadataAllocation, mode: safepoint, requested by thread 0x0000022fd8462800


---------------  P R O C E S S  ---------------

Java Threads: ( => current thread )
  0x0000022fdd3d1800 JavaThread "mysql-cj-abandoned-connection-cleanup" daemon [_thread_blocked, id=2792, stack(0x00000037e3400000,0x00000037e3500000)]
  0x0000022fd913a800 JavaThread "Prism Font Disposer" daemon [_thread_blocked, id=2028, stack(0x00000037e3300000,0x00000037e3400000)]
  0x0000022fd8d90000 JavaThread "Thread-3" daemon [_thread_blocked, id=17108, stack(0x00000037e3000000,0x00000037e3100000)]
  0x0000022fd8da4800 JavaThread "JavaFX-Launcher" [_thread_blocked, id=17520, stack(0x00000037e3100000,0x00000037e3200000)]
  0x0000022fd8462800 JavaThread "JavaFX Application Thread" [_thread_blocked, id=32588, stack(0x00000037e2900000,0x00000037e2a00000)]
  0x0000022fd8454800 JavaThread "Thread-1" daemon [_thread_blocked, id=3428, stack(0x00000037e2800000,0x00000037e2900000)]
  0x0000022fd837b800 JavaThread "QuantumRenderer-0" daemon [_thread_blocked, id=33364, stack(0x00000037e2400000,0x00000037e2500000)]
  0x0000022fd75ed800 JavaThread "Service Thread" daemon [_thread_blocked, id=33220, stack(0x00000037e2200000,0x00000037e2300000)]
  0x0000022fd75e0800 JavaThread "C1 CompilerThread2" daemon [_thread_blocked, id=11864, stack(0x00000037e2100000,0x00000037e2200000)]
  0x0000022fd75e0000 JavaThread "C2 CompilerThread1" daemon [_thread_blocked, id=25736, stack(0x00000037e2000000,0x00000037e2100000)]
  0x0000022fd7522000 JavaThread "C2 CompilerThread0" daemon [_thread_blocked, id=29544, stack(0x00000037e1f00000,0x00000037e2000000)]
  0x0000022fd751e800 JavaThread "Monitor Ctrl-Break" daemon [_thread_in_native, id=12384, stack(0x00000037e1e00000,0x00000037e1f00000)]
  0x0000022fd74da800 JavaThread "Attach Listener" daemon [_thread_blocked, id=15108, stack(0x00000037e1d00000,0x00000037e1e00000)]
  0x0000022fd74d9800 JavaThread "Signal Dispatcher" daemon [_thread_blocked, id=1764, stack(0x00000037e1c00000,0x00000037e1d00000)]
  0x0000022fd6d79800 JavaThread "Finalizer" daemon [_thread_blocked, id=24432, stack(0x00000037e1b00000,0x00000037e1c00000)]
  0x0000022fd74b4800 JavaThread "Reference Handler" daemon [_thread_blocked, id=18512, stack(0x00000037e1a00000,0x00000037e1b00000)]
  0x0000022fc0ca5800 JavaThread "main" [_thread_blocked, id=5708, stack(0x00000037e1300000,0x00000037e1400000)]

Other Threads:
=>0x0000022fd7493000 VMThread [stack: 0x00000037e1900000,0x00000037e1a00000] [id=2188]
  0x0000022fd80a5000 WatcherThread [stack: 0x00000037e2300000,0x00000037e2400000] [id=30936]

VM state:at safepoint (normal execution)

VM Mutex/Monitor currently owned by a thread:  ([mutex/lock_event])
[0x0000022fc0ca1fd0] Threads_lock - owner thread: 0x0000022fd7493000
[0x0000022fc0ca4560] Heap_lock - owner thread: 0x0000022fd8462800

heap address: 0x0000000080400000, size: 2044 MB, Compressed Oops mode: 32-bit
Narrow klass base: 0x0000000000000000, Narrow klass shift: 3
Compressed class space size: 1073741824 Address: 0x0000000100000000

Heap:
 PSYoungGen      total 38400K, used 5090K [0x00000000d5700000, 0x00000000d8180000, 0x0000000100000000)
  eden space 33280K, 0% used [0x00000000d5700000,0x00000000d5700000,0x00000000d7780000)
  from space 5120K, 99% used [0x00000000d7780000,0x00000000d7c788e8,0x00000000d7c80000)
  to   space 5120K, 0% used [0x00000000d7c80000,0x00000000d7c80000,0x00000000d8180000)
 ParOldGen       total 87552K, used 23080K [0x0000000080400000, 0x0000000085980000, 0x00000000d5700000)
  object space 87552K, 26% used [0x0000000080400000,0x0000000081a8a068,0x0000000085980000)
 Metaspace       used 20509K, capacity 21168K, committed 21296K, reserved 1067008K
  class space    used 2680K, capacity 2859K, committed 2944K, reserved 1048576K

Card table byte_map: [0x0000022fd19f0000,0x0000022fd1df0000] byte_map_base: 0x0000022fd15ee000

Marking Bits: (ParMarkBitMap*) 0x0000000065197fe0
 Begin Bits: [0x0000022fd20a0000, 0x0000022fd4090000)
 End Bits:   [0x0000022fd4090000, 0x0000022fd6080000)

Polling page: 0x0000022fc0e00000

CodeCache: size=245760Kb used=5908Kb max_used=5921Kb free=239851Kb
 bounds [0x0000022fc2630000, 0x0000022fc2c00000, 0x0000022fd1630000]
 total_blobs=2534 nmethods=1824 adapters=622
 compilation: enabled

Compilation events (10 events):
Event: 10.859 Thread 0x0000022fd75e0800 nmethod 1820 0x0000022fc2bf5f10 code [0x0000022fc2bf6060, 0x0000022fc2bf6178]
Event: 10.861 Thread 0x0000022fd75e0800 1821       3       java.util.Arrays::equals (54 bytes)
Event: 10.861 Thread 0x0000022fd75e0800 nmethod 1821 0x0000022fc2bf5910 code [0x0000022fc2bf5a80, 0x0000022fc2bf5df8]
Event: 10.862 Thread 0x0000022fd75e0800 1822       3       java.math.MutableBigInteger::unsignedLongCompare (20 bytes)
Event: 10.862 Thread 0x0000022fd75e0800 nmethod 1822 0x0000022fc2bf5550 code [0x0000022fc2bf56a0, 0x0000022fc2bf5878]
Event: 10.862 Thread 0x0000022fd7522000 1823       4       java.math.BigInteger::mulAdd (19 bytes)
Event: 10.863 Thread 0x0000022fd7522000 nmethod 1823 0x0000022fc2bf3b90 code [0x0000022fc2bf3ce0, 0x0000022fc2bf3e38]
Event: 10.868 Thread 0x0000022fd75e0800 1824       3       java.io.BufferedReader::ensureOpen (18 bytes)
Event: 10.868 Thread 0x0000022fd75e0800 nmethod 1824 0x0000022fc2bf3710 code [0x0000022fc2bf3880, 0x0000022fc2bf3ad0]
Event: 10.869 Thread 0x0000022fd75e0000 nmethod 1815 0x0000022fc2bf7cd0 code [0x0000022fc2bf7e60, 0x0000022fc2bf8798]

GC Heap History (7 events):
Event: 1.720 GC heap before
{Heap before GC invocations=1 (full 0):
 PSYoungGen      total 38400K, used 33280K [0x00000000d5700000, 0x00000000d8180000, 0x0000000100000000)
  eden space 33280K, 100% used [0x00000000d5700000,0x00000000d7780000,0x00000000d7780000)
  from space 5120K, 0% used [0x00000000d7c80000,0x00000000d7c80000,0x00000000d8180000)
  to   space 5120K, 0% used [0x00000000d7780000,0x00000000d7780000,0x00000000d7c80000)
 ParOldGen       total 87552K, used 0K [0x0000000080400000, 0x0000000085980000, 0x00000000d5700000)
  object space 87552K, 0% used [0x0000000080400000,0x0000000080400000,0x0000000085980000)
 Metaspace       used 11042K, capacity 11498K, committed 11648K, reserved 1058816K
  class space    used 1430K, capacity 1566K, committed 1664K, reserved 1048576K
Event: 1.727 GC heap after
Heap after GC invocations=1 (full 0):
 PSYoungGen      total 38400K, used 3424K [0x00000000d5700000, 0x00000000d8180000, 0x0000000100000000)
  eden space 33280K, 0% used [0x00000000d5700000,0x00000000d5700000,0x00000000d7780000)
  from space 5120K, 66% used [0x00000000d7780000,0x00000000d7ad8040,0x00000000d7c80000)
  to   space 5120K, 0% used [0x00000000d7c80000,0x00000000d7c80000,0x00000000d8180000)
 ParOldGen       total 87552K, used 7890K [0x0000000080400000, 0x0000000085980000, 0x00000000d5700000)
  object space 87552K, 9% used [0x0000000080400000,0x0000000080bb4a50,0x0000000085980000)
 Metaspace       used 11042K, capacity 11498K, committed 11648K, reserved 1058816K
  class space    used 1430K, capacity 1566K, committed 1664K, reserved 1048576K
}
Event: 10.460 GC heap before
{Heap before GC invocations=2 (full 0):
 PSYoungGen      total 38400K, used 36704K [0x00000000d5700000, 0x00000000d8180000, 0x0000000100000000)
  eden space 33280K, 100% used [0x00000000d5700000,0x00000000d7780000,0x00000000d7780000)
  from space 5120K, 66% used [0x00000000d7780000,0x00000000d7ad8040,0x00000000d7c80000)
  to   space 5120K, 0% used [0x00000000d7c80000,0x00000000d7c80000,0x00000000d8180000)
 ParOldGen       total 87552K, used 7890K [0x0000000080400000, 0x0000000085980000, 0x00000000d5700000)
  object space 87552K, 9% used [0x0000000080400000,0x0000000080bb4a50,0x0000000085980000)
 Metaspace       used 18197K, capacity 18892K, committed 19072K, reserved 1064960K
  class space    used 2420K, capacity 2591K, committed 2688K, reserved 1048576K
Event: 10.470 GC heap after
Heap after GC invocations=2 (full 0):
 PSYoungGen      total 38400K, used 5090K [0x00000000d5700000, 0x00000000d8180000, 0x0000000100000000)
  eden space 33280K, 0% used [0x00000000d5700000,0x00000000d5700000,0x00000000d7780000)
  from space 5120K, 99% used [0x00000000d7c80000,0x00000000d81788a8,0x00000000d8180000)
  to   space 5120K, 0% used [0x00000000d7780000,0x00000000d7780000,0x00000000d7c80000)
 ParOldGen       total 87552K, used 20754K [0x0000000080400000, 0x0000000085980000, 0x00000000d5700000)
  object space 87552K, 23% used [0x0000000080400000,0x0000000081844920,0x0000000085980000)
 Metaspace       used 18197K, capacity 18892K, committed 19072K, reserved 1064960K
  class space    used 2420K, capacity 2591K, committed 2688K, reserved 1048576K
}
Event: 10.869 GC heap before
{Heap before GC invocations=3 (full 0):
 PSYoungGen      total 38400K, used 14720K [0x00000000d5700000, 0x00000000d8180000, 0x0000000100000000)
  eden space 33280K, 28% used [0x00000000d5700000,0x00000000d6067980,0x00000000d7780000)
  from space 5120K, 99% used [0x00000000d7c80000,0x00000000d81788a8,0x00000000d8180000)
  to   space 5120K, 0% used [0x00000000d7780000,0x00000000d7780000,0x00000000d7c80000)
 ParOldGen       total 87552K, used 20754K [0x0000000080400000, 0x0000000085980000, 0x00000000d5700000)
  object space 87552K, 23% used [0x0000000080400000,0x0000000081844920,0x0000000085980000)
 Metaspace       used 20509K, capacity 21168K, committed 21296K, reserved 1067008K
  class space    used 2680K, capacity 2859K, committed 2944K, reserved 1048576K
Event: 10.875 GC heap after
Heap after GC invocations=3 (full 0):
 PSYoungGen      total 38400K, used 5090K [0x00000000d5700000, 0x00000000d8180000, 0x0000000100000000)
  eden space 33280K, 0% used [0x00000000d5700000,0x00000000d5700000,0x00000000d7780000)
  from space 5120K, 99% used [0x00000000d7780000,0x00000000d7c788e8,0x00000000d7c80000)
  to   space 5120K, 0% used [0x00000000d7c80000,0x00000000d7c80000,0x00000000d8180000)
 ParOldGen       total 87552K, used 23080K [0x0000000080400000, 0x0000000085980000, 0x00000000d5700000)
  object space 87552K, 26% used [0x0000000080400000,0x0000000081a8a068,0x0000000085980000)
 Metaspace       used 20509K, capacity 21168K, committed 21296K, reserved 1067008K
  class space    used 2680K, capacity 2859K, committed 2944K, reserved 1048576K
}
Event: 10.875 GC heap before
{Heap before GC invocations=4 (full 1):
 PSYoungGen      total 38400K, used 5090K [0x00000000d5700000, 0x00000000d8180000, 0x0000000100000000)
  eden space 33280K, 0% used [0x00000000d5700000,0x00000000d5700000,0x00000000d7780000)
  from space 5120K, 99% used [0x00000000d7780000,0x00000000d7c788e8,0x00000000d7c80000)
  to   space 5120K, 0% used [0x00000000d7c80000,0x00000000d7c80000,0x00000000d8180000)
 ParOldGen       total 87552K, used 23080K [0x0000000080400000, 0x0000000085980000, 0x00000000d5700000)
  object space 87552K, 26% used [0x0000000080400000,0x0000000081a8a068,0x0000000085980000)
 Metaspace       used 20509K, capacity 21168K, committed 21296K, reserved 1067008K
  class space    used 2680K, capacity 2859K, committed 2944K, reserved 1048576K

Deoptimization events (10 events):
Event: 10.317 Thread 0x0000022fd8462800 Uncommon trap: reason=unstable_if action=reinterpret pc=0x0000022fc28b8a80 method=java.lang.AbstractStringBuilder.append(Ljava/lang/String;)Ljava/lang/AbstractStringBuilder; @ 1
Event: 10.487 Thread 0x0000022fd8462800 Uncommon trap: reason=unstable_if action=reinterpret pc=0x0000022fc2b43da8 method=java.util.Properties$LineReader.readLine()I @ 252
Event: 10.487 Thread 0x0000022fd8462800 Uncommon trap: reason=unstable_if action=reinterpret pc=0x0000022fc2b44f3c method=java.util.Properties.loadConvert([CII[C)Ljava/lang/String; @ 4
Event: 10.564 Thread 0x0000022fd8462800 Uncommon trap: reason=class_check action=maybe_recompile pc=0x0000022fc29bfe24 method=java.util.HashMap.putVal(ILjava/lang/Object;Ljava/lang/Object;ZZ)Ljava/lang/Object; @ 203
Event: 10.584 Thread 0x0000022fd8462800 Uncommon trap: reason=unstable_if action=reinterpret pc=0x0000022fc2b7e438 method=java.util.Properties$LineReader.readLine()I @ 174
Event: 10.654 Thread 0x0000022fd8462800 Uncommon trap: reason=class_check action=maybe_recompile pc=0x0000022fc29bfe24 method=java.util.HashMap.putVal(ILjava/lang/Object;Ljava/lang/Object;ZZ)Ljava/lang/Object; @ 203
Event: 10.655 Thread 0x0000022fd8462800 Uncommon trap: reason=class_check action=maybe_recompile pc=0x0000022fc29bfe24 method=java.util.HashMap.putVal(ILjava/lang/Object;Ljava/lang/Object;ZZ)Ljava/lang/Object; @ 203
Event: 10.655 Thread 0x0000022fd8462800 Uncommon trap: reason=class_check action=maybe_recompile pc=0x0000022fc29bfe24 method=java.util.HashMap.putVal(ILjava/lang/Object;Ljava/lang/Object;ZZ)Ljava/lang/Object; @ 203
Event: 10.660 Thread 0x0000022fd8462800 Uncommon trap: reason=class_check action=maybe_recompile pc=0x0000022fc29c3e18 method=java.util.HashMap.putVal(ILjava/lang/Object;Ljava/lang/Object;ZZ)Ljava/lang/Object; @ 203
Event: 10.766 Thread 0x0000022fd8462800 Uncommon trap: reason=unstable_if action=reinterpret pc=0x0000022fc2bbbbd0 method=java.util.HashMap.putVal(ILjava/lang/Object;Ljava/lang/Object;ZZ)Ljava/lang/Object; @ 236

Classes redefined (0 events):
No events

Internal exceptions (10 events):
Event: 0.555 Thread 0x0000022fc0ca5800 Implicit null exception at 0x0000022fc2752095 to 0x0000022fc2752269
Event: 1.357 Thread 0x0000022fd8462800 Exception <a 'java/lang/NullPointerException'> (0x00000000d69ba3e8) thrown at [C:\jenkins\workspace\8-2-build-windows-amd64-cygwin\jdk8u271\605\hotspot\src\share\vm\interpreter\linkResolver.cpp, line 1185]
Event: 1.357 Thread 0x0000022fd8462800 Exception <a 'java/lang/NullPointerException'> (0x00000000d69ba3e8) thrown at [C:\jenkins\workspace\8-2-build-windows-amd64-cygwin\jdk8u271\605\hotspot\src\share\vm\prims\jvm.cpp, line 1516]
Event: 1.578 Thread 0x0000022fd8462800 Exception <a 'java/lang/ArrayIndexOutOfBoundsException'> (0x00000000d6d24cf8) thrown at [C:\jenkins\workspace\8-2-build-windows-amd64-cygwin\jdk8u271\605\hotspot\src\share\vm\runtime\sharedRuntime.cpp, line 609]
Event: 1.578 Thread 0x0000022fd8462800 Exception <a 'java/lang/ArrayIndexOutOfBoundsException'> (0x00000000d6d272b0) thrown at [C:\jenkins\workspace\8-2-build-windows-amd64-cygwin\jdk8u271\605\hotspot\src\share\vm\runtime\sharedRuntime.cpp, line 609]
Event: 1.578 Thread 0x0000022fd8462800 Exception <a 'java/lang/ArrayIndexOutOfBoundsException'> (0x00000000d6d29158) thrown at [C:\jenkins\workspace\8-2-build-windows-amd64-cygwin\jdk8u271\605\hotspot\src\share\vm\runtime\sharedRuntime.cpp, line 609]
Event: 10.276 Thread 0x0000022fd8462800 Exception <a 'java/lang/ArrayIndexOutOfBoundsException'> (0x00000000d7004cd0) thrown at [C:\jenkins\workspace\8-2-build-windows-amd64-cygwin\jdk8u271\605\hotspot\src\share\vm\runtime\sharedRuntime.cpp, line 609]
Event: 10.276 Thread 0x0000022fd8462800 Exception <a 'java/lang/ArrayIndexOutOfBoundsException'> (0x00000000d7005eb8) thrown at [C:\jenkins\workspace\8-2-build-windows-amd64-cygwin\jdk8u271\605\hotspot\src\share\vm\runtime\sharedRuntime.cpp, line 609]
Event: 10.277 Thread 0x0000022fd8462800 Exception <a 'java/lang/ArrayIndexOutOfBoundsException'> (0x00000000d70089f0) thrown at [C:\jenkins\workspace\8-2-build-windows-amd64-cygwin\jdk8u271\605\hotspot\src\share\vm\runtime\sharedRuntime.cpp, line 609]
Event: 10.317 Thread 0x0000022fd8462800 Implicit null exception at 0x0000022fc28b86d6 to 0x0000022fc28b8a69

Events (10 events):
Event: 10.868 loading class javax/crypto/CryptoPolicyParser$CryptoPermissionEntry done
Event: 10.868 loading class javax/crypto/CryptoAllPermission
Event: 10.868 loading class javax/crypto/CryptoPermission
Event: 10.869 loading class javax/crypto/CryptoPermission done
Event: 10.869 loading class javax/crypto/CryptoAllPermission done
Event: 10.869 loading class javax/crypto/CryptoAllPermissionCollection
Event: 10.869 loading class javax/crypto/CryptoAllPermissionCollection done
Event: 10.869 loading class javax/crypto/JarVerifier
Event: 10.869 loading class javax/crypto/JarVerifier done
Event: 10.869 Executing VM operation: CollectForMetadataAllocation


Dynamic libraries:
0x00007ff793400000 - 0x00007ff793447000 	C:\Program Files\Java\jdk1.8.0_271\bin\java.exe
0x00007ffdf50b0000 - 0x00007ffdf52a5000 	C:\WINDOWS\SYSTEM32\ntdll.dll
0x00007ffdf4590000 - 0x00007ffdf464e000 	C:\WINDOWS\System32\KERNEL32.DLL
0x00007ffdf2860000 - 0x00007ffdf2b28000 	C:\WINDOWS\System32\KERNELBASE.dll
0x00007ffdf4ab0000 - 0x00007ffdf4b5e000 	C:\WINDOWS\System32\ADVAPI32.dll
0x00007ffdf48e0000 - 0x00007ffdf497e000 	C:\WINDOWS\System32\msvcrt.dll
0x00007ffdf4720000 - 0x00007ffdf47bc000 	C:\WINDOWS\System32\sechost.dll
0x00007ffdf4980000 - 0x00007ffdf4aa5000 	C:\WINDOWS\System32\RPCRT4.dll
0x00007ffdf4d70000 - 0x00007ffdf4f10000 	C:\WINDOWS\System32\USER32.dll
0x00007ffdf2dc0000 - 0x00007ffdf2de2000 	C:\WINDOWS\System32\win32u.dll
0x00007ffdf33c0000 - 0x00007ffdf33ea000 	C:\WINDOWS\System32\GDI32.dll
0x00007ffdf3090000 - 0x00007ffdf319b000 	C:\WINDOWS\System32\gdi32full.dll
0x00007ffdf2c20000 - 0x00007ffdf2cbd000 	C:\WINDOWS\System32\msvcp_win.dll
0x00007ffdf2cc0000 - 0x00007ffdf2dc0000 	C:\WINDOWS\System32\ucrtbase.dll
0x00007ffde0490000 - 0x00007ffde072a000 	C:\WINDOWS\WinSxS\amd64_microsoft.windows.common-controls_6595b64144ccf1df_6.0.19041.1110_none_60b5254171f9507e\COMCTL32.dll
0x00007ffdf4f10000 - 0x00007ffdf4f40000 	C:\WINDOWS\System32\IMM32.DLL
0x00007ffddd9c0000 - 0x00007ffddd9d5000 	C:\Program Files\Java\jdk1.8.0_271\jre\bin\vcruntime140.dll
0x00007ffdabd70000 - 0x00007ffdabe0b000 	C:\Program Files\Java\jdk1.8.0_271\jre\bin\msvcp140.dll
0x00000000649a0000 - 0x000000006520f000 	C:\Program Files\Java\jdk1.8.0_271\jre\bin\server\jvm.dll
0x00007ffdf3300000 - 0x00007ffdf3308000 	C:\WINDOWS\System32\PSAPI.DLL
0x00007ffde8bf0000 - 0x00007ffde8bf9000 	C:\WINDOWS\SYSTEM32\WSOCK32.dll
0x00007ffdf4370000 - 0x00007ffdf43db000 	C:\WINDOWS\System32\WS2_32.dll
0x00007ffde9b50000 - 0x00007ffde9b77000 	C:\WINDOWS\SYSTEM32\WINMM.dll
0x00007ffdee4f0000 - 0x00007ffdee4fa000 	C:\WINDOWS\SYSTEM32\VERSION.dll
0x00007ffdf07a0000 - 0x00007ffdf07b2000 	C:\WINDOWS\SYSTEM32\kernel.appcore.dll
0x00007ffded8c0000 - 0x00007ffded8d0000 	C:\Program Files\Java\jdk1.8.0_271\jre\bin\verify.dll
0x00007ffdd9af0000 - 0x00007ffdd9b1b000 	C:\Program Files\Java\jdk1.8.0_271\jre\bin\java.dll
0x00007ffdd59b0000 - 0x00007ffdd59e0000 	C:\Program Files\Java\jdk1.8.0_271\jre\bin\instrument.dll
0x00007ffddc0f0000 - 0x00007ffddc108000 	C:\Program Files\Java\jdk1.8.0_271\jre\bin\zip.dll
0x00007ffdf3860000 - 0x00007ffdf3fa4000 	C:\WINDOWS\System32\SHELL32.dll
0x00007ffdf09a0000 - 0x00007ffdf1134000 	C:\WINDOWS\SYSTEM32\windows.storage.dll
0x00007ffdf4010000 - 0x00007ffdf4364000 	C:\WINDOWS\System32\combase.dll
0x00007ffdf2200000 - 0x00007ffdf222c000 	C:\WINDOWS\SYSTEM32\Wldp.dll
0x00007ffdf4cc0000 - 0x00007ffdf4d6d000 	C:\WINDOWS\System32\SHCORE.dll
0x00007ffdf46c0000 - 0x00007ffdf4715000 	C:\WINDOWS\System32\shlwapi.dll
0x00007ffdf27a0000 - 0x00007ffdf27bf000 	C:\WINDOWS\SYSTEM32\profapi.dll
0x00007ffdd60b0000 - 0x00007ffdd60ca000 	C:\Program Files\JetBrains\IntelliJ IDEA 2021.1.3\bin\breakgen64.dll
0x00007ffdd9e30000 - 0x00007ffdd9e4c000 	C:\Program Files\Java\jdk1.8.0_271\jre\bin\net.dll
0x00007ffdf1f60000 - 0x00007ffdf1fca000 	C:\WINDOWS\system32\mswsock.dll
0x0000022fd84a0000 - 0x0000022fd84a3000 	C:\Program Files\Java\jdk1.8.0_271\jre\bin\api-ms-win-core-console-l1-1-0.dll
0x0000022fd84b0000 - 0x0000022fd84b3000 	C:\Program Files\Java\jdk1.8.0_271\jre\bin\api-ms-win-core-console-l1-2-0.dll
0x0000022fd84c0000 - 0x0000022fd84c3000 	C:\Program Files\Java\jdk1.8.0_271\jre\bin\api-ms-win-core-datetime-l1-1-0.dll
0x0000022fd84d0000 - 0x0000022fd84d3000 	C:\Program Files\Java\jdk1.8.0_271\jre\bin\api-ms-win-core-debug-l1-1-0.dll
0x0000022fd84e0000 - 0x0000022fd84e3000 	C:\Program Files\Java\jdk1.8.0_271\jre\bin\api-ms-win-core-errorhandling-l1-1-0.dll
0x0000022fd84f0000 - 0x0000022fd84f4000 	C:\Program Files\Java\jdk1.8.0_271\jre\bin\api-ms-win-core-file-l1-1-0.dll
0x0000022fd8500000 - 0x0000022fd8503000 	C:\Program Files\Java\jdk1.8.0_271\jre\bin\api-ms-win-core-file-l1-2-0.dll
0x0000022fd8510000 - 0x0000022fd8513000 	C:\Program Files\Java\jdk1.8.0_271\jre\bin\api-ms-win-core-file-l2-1-0.dll
0x0000022fd8520000 - 0x0000022fd8523000 	C:\Program Files\Java\jdk1.8.0_271\jre\bin\api-ms-win-core-handle-l1-1-0.dll
0x0000022fd8530000 - 0x0000022fd8533000 	C:\Program Files\Java\jdk1.8.0_271\jre\bin\api-ms-win-core-heap-l1-1-0.dll
0x0000022fd8540000 - 0x0000022fd8543000 	C:\Program Files\Java\jdk1.8.0_271\jre\bin\api-ms-win-core-interlocked-l1-1-0.dll
0x0000022fd8550000 - 0x0000022fd8553000 	C:\Program Files\Java\jdk1.8.0_271\jre\bin\api-ms-win-core-libraryloader-l1-1-0.dll
0x0000022fd8560000 - 0x0000022fd8563000 	C:\Program Files\Java\jdk1.8.0_271\jre\bin\api-ms-win-core-localization-l1-2-0.dll
0x0000022fd8570000 - 0x0000022fd8573000 	C:\Program Files\Java\jdk1.8.0_271\jre\bin\api-ms-win-core-memory-l1-1-0.dll
0x0000022fd8580000 - 0x0000022fd8583000 	C:\Program Files\Java\jdk1.8.0_271\jre\bin\api-ms-win-core-namedpipe-l1-1-0.dll
0x0000022fd8590000 - 0x0000022fd8593000 	C:\Program Files\Java\jdk1.8.0_271\jre\bin\api-ms-win-core-processenvironment-l1-1-0.dll
0x0000022fd85a0000 - 0x0000022fd85a3000 	C:\Program Files\Java\jdk1.8.0_271\jre\bin\api-ms-win-core-processthreads-l1-1-0.dll
0x0000022fd85b0000 - 0x0000022fd85b3000 	C:\Program Files\Java\jdk1.8.0_271\jre\bin\api-ms-win-core-processthreads-l1-1-1.dll
0x0000022fd85c0000 - 0x0000022fd85c3000 	C:\Program Files\Java\jdk1.8.0_271\jre\bin\api-ms-win-core-profile-l1-1-0.dll
0x0000022fd85d0000 - 0x0000022fd85d3000 	C:\Program Files\Java\jdk1.8.0_271\jre\bin\api-ms-win-core-rtlsupport-l1-1-0.dll
0x0000022fd85e0000 - 0x0000022fd85e3000 	C:\Program Files\Java\jdk1.8.0_271\jre\bin\api-ms-win-core-string-l1-1-0.dll
0x0000022fd85f0000 - 0x0000022fd85f3000 	C:\Program Files\Java\jdk1.8.0_271\jre\bin\api-ms-win-core-synch-l1-1-0.dll
0x0000022fd8600000 - 0x0000022fd8603000 	C:\Program Files\Java\jdk1.8.0_271\jre\bin\api-ms-win-core-synch-l1-2-0.dll
0x0000022fd8610000 - 0x0000022fd8613000 	C:\Program Files\Java\jdk1.8.0_271\jre\bin\api-ms-win-core-sysinfo-l1-1-0.dll
0x0000022fd8620000 - 0x0000022fd8623000 	C:\Program Files\Java\jdk1.8.0_271\jre\bin\api-ms-win-core-timezone-l1-1-0.dll
0x0000022fd8630000 - 0x0000022fd8633000 	C:\Program Files\Java\jdk1.8.0_271\jre\bin\api-ms-win-core-util-l1-1-0.dll
0x0000022fd8640000 - 0x0000022fd8643000 	C:\Program Files\Java\jdk1.8.0_271\jre\bin\api-ms-win-crt-conio-l1-1-0.dll
0x0000022fd8650000 - 0x0000022fd8654000 	C:\Program Files\Java\jdk1.8.0_271\jre\bin\api-ms-win-crt-convert-l1-1-0.dll
0x0000022fd8660000 - 0x0000022fd8663000 	C:\Program Files\Java\jdk1.8.0_271\jre\bin\api-ms-win-crt-environment-l1-1-0.dll
0x0000022fd8670000 - 0x0000022fd8673000 	C:\Program Files\Java\jdk1.8.0_271\jre\bin\api-ms-win-crt-filesystem-l1-1-0.dll
0x0000022fd8680000 - 0x0000022fd8683000 	C:\Program Files\Java\jdk1.8.0_271\jre\bin\api-ms-win-crt-heap-l1-1-0.dll
0x0000022fd8690000 - 0x0000022fd8693000 	C:\Program Files\Java\jdk1.8.0_271\jre\bin\api-ms-win-crt-locale-l1-1-0.dll
0x0000022fd86a0000 - 0x0000022fd86a5000 	C:\Program Files\Java\jdk1.8.0_271\jre\bin\api-ms-win-crt-math-l1-1-0.dll
0x0000022fd86b0000 - 0x0000022fd86b5000 	C:\Program Files\Java\jdk1.8.0_271\jre\bin\api-ms-win-crt-multibyte-l1-1-0.dll
0x0000022fd86c0000 - 0x0000022fd86d0000 	C:\Program Files\Java\jdk1.8.0_271\jre\bin\api-ms-win-crt-private-l1-1-0.dll
0x0000022fd86d0000 - 0x0000022fd86d3000 	C:\Program Files\Java\jdk1.8.0_271\jre\bin\api-ms-win-crt-process-l1-1-0.dll
0x0000022fd86e0000 - 0x0000022fd86e4000 	C:\Program Files\Java\jdk1.8.0_271\jre\bin\api-ms-win-crt-runtime-l1-1-0.dll
0x0000022fd86f0000 - 0x0000022fd86f4000 	C:\Program Files\Java\jdk1.8.0_271\jre\bin\api-ms-win-crt-stdio-l1-1-0.dll
0x0000022fd8700000 - 0x0000022fd8704000 	C:\Program Files\Java\jdk1.8.0_271\jre\bin\api-ms-win-crt-string-l1-1-0.dll
0x0000022fd8710000 - 0x0000022fd8713000 	C:\Program Files\Java\jdk1.8.0_271\jre\bin\api-ms-win-crt-time-l1-1-0.dll
0x0000022fd8720000 - 0x0000022fd8723000 	C:\Program Files\Java\jdk1.8.0_271\jre\bin\api-ms-win-crt-utility-l1-1-0.dll
0x00007ffdabc70000 - 0x00007ffdabd6a000 	C:\Program Files\Java\jdk1.8.0_271\jre\bin\ucrtbase.dll
0x00007ffde1980000 - 0x00007ffde198c000 	C:\Windows\System32\vcruntime140_1.dll
0x00007ffdd5980000 - 0x00007ffdd59a3000 	C:\Program Files\Java\jdk1.8.0_271\jre\bin\prism_d3d.dll
0x00007ffddb280000 - 0x00007ffddb44f000 	C:\WINDOWS\system32\d3d9.dll
0x00007ffdf04b0000 - 0x00007ffdf04df000 	C:\WINDOWS\SYSTEM32\dwmapi.dll
0x00007ffdf0110000 - 0x00007ffdf01ae000 	C:\WINDOWS\system32\uxtheme.dll
0x00007ffdd7fa0000 - 0x00007ffdd8111000 	C:\WINDOWS\SYSTEM32\aticfx64.dll
0x00007ffdcb550000 - 0x00007ffdcb571000 	C:\WINDOWS\SYSTEM32\atiu9p64.dll
0x00007ffdb1480000 - 0x00007ffdb1eff000 	C:\WINDOWS\SYSTEM32\atiumd64.dll
0x0000000065290000 - 0x0000000065b34000 	C:\WINDOWS\SYSTEM32\atiumd6a.dll
0x00007ffdf26d0000 - 0x00007ffdf271b000 	C:\WINDOWS\SYSTEM32\POWRPROF.dll
0x00007ffdf26b0000 - 0x00007ffdf26c2000 	C:\WINDOWS\SYSTEM32\UMPDC.dll
0x00007ffdd2670000 - 0x00007ffdd26b5000 	C:\Program Files\Java\jdk1.8.0_271\jre\bin\glass.dll
0x00007ffdf31a0000 - 0x00007ffdf327b000 	C:\WINDOWS\System32\COMDLG32.dll
0x00007ffdf4f40000 - 0x00007ffdf506a000 	C:\WINDOWS\System32\ole32.dll
0x00007ffdf4b90000 - 0x00007ffdf4c5d000 	C:\WINDOWS\System32\OLEAUT32.dll
0x00007ffdf47c0000 - 0x00007ffdf48d5000 	C:\WINDOWS\System32\MSCTF.dll
0x00007ffdf2f50000 - 0x00007ffdf2fd2000 	C:\WINDOWS\System32\bcryptPrimitives.dll
0x00007ffdd5950000 - 0x00007ffdd597c000 	C:\Program Files\Java\jdk1.8.0_271\jre\bin\javafx_iio.dll
0x00007ffdd2650000 - 0x00007ffdd2664000 	C:\Program Files\Java\jdk1.8.0_271\jre\bin\javafx_font.dll
0x00007ffdda630000 - 0x00007ffdda8af000 	C:\WINDOWS\SYSTEM32\dwrite.dll
0x00007ffdf3310000 - 0x00007ffdf33b9000 	C:\WINDOWS\System32\clbcatq.dll
0x00007ffddbe30000 - 0x00007ffddbfe4000 	C:\WINDOWS\SYSTEM32\WindowsCodecs.dll
0x00007ffdf2b30000 - 0x00007ffdf2b57000 	C:\WINDOWS\System32\bcrypt.dll
0x00007ffde8280000 - 0x00007ffde82be000 	C:\WINDOWS\system32\dataexchange.dll
0x00007ffdebb30000 - 0x00007ffdebd94000 	C:\WINDOWS\system32\d3d11.dll
0x00007ffdedb10000 - 0x00007ffdedcf5000 	C:\WINDOWS\system32\dcomp.dll
0x00007ffdf1180000 - 0x00007ffdf1273000 	C:\WINDOWS\system32\dxgi.dll
0x00007ffdede30000 - 0x00007ffdee031000 	C:\WINDOWS\system32\twinapi.appcore.dll
0x00007ffdcd810000 - 0x00007ffdcd844000 	C:\Program Files\Common Files\Microsoft Shared\Ink\rtscom.dll
0x00007ffde82c0000 - 0x00007ffde83b9000 	C:\WINDOWS\SYSTEM32\textinputframework.dll
0x00007ffdee8e0000 - 0x00007ffdeec3e000 	C:\WINDOWS\System32\CoreUIComponents.dll
0x00007ffdeec40000 - 0x00007ffdeed32000 	C:\WINDOWS\System32\CoreMessaging.dll
0x00007ffdf1570000 - 0x00007ffdf15a3000 	C:\WINDOWS\SYSTEM32\ntmarta.dll
0x00007ffdefa10000 - 0x00007ffdefb64000 	C:\WINDOWS\SYSTEM32\wintypes.dll
0x00007ffdd2590000 - 0x00007ffdd25a2000 	C:\Program Files\Java\jdk1.8.0_271\jre\bin\prism_common.dll
0x00007ffdf1c90000 - 0x00007ffdf1d5b000 	C:\WINDOWS\SYSTEM32\DNSAPI.dll
0x00007ffdf1c50000 - 0x00007ffdf1c8b000 	C:\WINDOWS\SYSTEM32\IPHLPAPI.DLL
0x00007ffdf46b0000 - 0x00007ffdf46b8000 	C:\WINDOWS\System32\NSI.dll
0x00007ffdea8b0000 - 0x00007ffdea8ba000 	C:\Windows\System32\rasadhlp.dll
0x00007ffde9f80000 - 0x00007ffde9fff000 	C:\WINDOWS\System32\fwpuclnt.dll
0x00007ffdd2350000 - 0x00007ffdd2374000 	C:\Program Files\Java\jdk1.8.0_271\jre\bin\sunec.dll
0x00007ffdee070000 - 0x00007ffdee254000 	C:\WINDOWS\SYSTEM32\dbghelp.dll

VM Arguments:
jvm_args: -javaagent:C:\Program Files\JetBrains\IntelliJ IDEA 2021.1.3\lib\idea_rt.jar=4903:C:\Program Files\JetBrains\IntelliJ IDEA 2021.1.3\bin -Dfile.encoding=UTF-8 
java_command: AppInitializer
java_class_path (initial): C:\Program Files\Java\jdk1.8.0_271\jre\lib\charsets.jar;C:\Program Files\Java\jdk1.8.0_271\jre\lib\deploy.jar;C:\Program Files\Java\jdk1.8.0_271\jre\lib\ext\access-bridge-64.jar;C:\Program Files\Java\jdk1.8.0_271\jre\lib\ext\cldrdata.jar;C:\Program Files\Java\jdk1.8.0_271\jre\lib\ext\dnsns.jar;C:\Program Files\Java\jdk1.8.0_271\jre\lib\ext\jaccess.jar;C:\Program Files\Java\jdk1.8.0_271\jre\lib\ext\jfxrt.jar;C:\Program Files\Java\jdk1.8.0_271\jre\lib\ext\localedata.jar;C:\Program Files\Java\jdk1.8.0_271\jre\lib\ext\nashorn.jar;C:\Program Files\Java\jdk1.8.0_271\jre\lib\ext\sunec.jar;C:\Program Files\Java\jdk1.8.0_271\jre\lib\ext\sunjce_provider.jar;C:\Program Files\Java\jdk1.8.0_271\jre\lib\ext\sunmscapi.jar;C:\Program Files\Java\jdk1.8.0_271\jre\lib\ext\sunpkcs11.jar;C:\Program Files\Java\jdk1.8.0_271\jre\lib\ext\zipfs.jar;C:\Program Files\Java\jdk1.8.0_271\jre\lib\javaws.jar;C:\Program Files\Java\jdk1.8.0_271\jre\lib\jce.jar;C:\Program Files\Java\jdk1.8.0_271\jre\lib\jfr.jar;C:\Program Files\Java\jdk1.8.0_271\jre\lib\jfxswt.jar;C:\Program Files\Java\jdk1.8.0_271\jre\lib\jsse.jar;C:\Program Files\Java\jdk1.8.0_271\jre\lib\management-agent.jar;C:\Program Files\Java\jdk1.8.0_271\jre\lib\plugin.jar;C:\Program Files\Java\jdk1.8.0_271\jre\lib\resources.jar;C:\Program Files\Java\jdk1.8.0_271\jre\lib\rt.jar;C:\Users\Chamith\Desktop\plant\out\production\plant;C:\Users\Chamith\Desktop\plant\lib\mysql-connector-java-8.0.26.jar;C:\Program Files\JetBrains\IntelliJ IDEA 2021.1.3\lib\idea_rt.jar
Launcher Type: SUN_STANDARD

Environment Variables:
PATH=C:\Program Files (x86)\Common Files\Oracle\Java\javapath;C:\WINDOWS\system32;C:\WINDOWS;C:\WINDOWS\System32\Wbem;C:\WINDOWS\System32\WindowsPowerShell\v1.0\;C:\WINDOWS\System32\OpenSSH\;C:\Program Files\Java\jdk1.8.0_271\bin;C:\Program Files (x86)\AMD\ATI.ACE\Core-Static;C:\Program Files\Git\cmd;C:\Program Files\MySQL\MySQL Shell 8.0\bin\;C:\Program Files\Java\jdk1.8.0_271\bin;C:\Program Files\JetBrains\IntelliJ IDEA 2021.1.3\bin;
USERNAME=Chamith
OS=Windows_NT
PROCESSOR_IDENTIFIER=Intel64 Family 6 Model 42 Stepping 7, GenuineIntel



---------------  S Y S T E M  ---------------

OS: Windows 10.0 , 64 bit Build 19041 (10.0.19041.1566)

CPU:total 4 (initial active 4) (4 cores per cpu, 1 threads per core) family 6 model 42 stepping 7, cmov, cx8, fxsr, mmx, sse, sse2, sse3, ssse3, sse4.1, sse4.2, popcnt, avx, aes, clmul, tsc, tscinvbit

Memory: 4k page, physical 8369360k(3586444k free), swap 9680080k(3843980k free)

vm_info: Java HotSpot(TM) 64-Bit Server VM (25.271-b09) for windows-amd64 JRE (1.8.0_271-b09), built on Sep 16 2020 19:14:59 by "" with MS VC++ 15.9 (VS2017)

time: Mon Mar 28 19:26:54 2022
timezone: Sri Lanka Standard Time
elapsed time: 10.990085 seconds (0d 0h 0m 10s)

